<?xml version="1.0" encoding="UTF-8"?>
<testsuites errors="2" failures="2"><testsuite name="backstopJS" tests="2" errors="2" failures="2"><testcase name=" ›› BackstopJS Homepage" classname="document"><error message="Design deviation ›› BackstopJS Homepage (document) component" type="CSS component"/><failure message="Design deviation ›› BackstopJS Homepage (document) component" type="CSS component"/></testcase><testcase name=" ›› BackstopJS Homepage" classname="document"><error message="Design deviation ›› BackstopJS Homepage (document) component" type="CSS component"/><failure message="Design deviation ›› BackstopJS Homepage (document) component" type="CSS component"/></testcase></testsuite></testsuites>