<?xml version="1.0" encoding="UTF-8"?>
<testsuites>
  <testsuite name="backstopJS" tests="2" failures="2" errors="2" skipped="0">
    <testcase classname="document" name=" ›› BackstopJS Homepage">
      <failure message="Design deviation ›› BackstopJS Homepage (document) component"/>
      <error message="Design deviation ›› BackstopJS Homepage (document) component"/>
    </testcase>
    <testcase classname="document" name=" ›› BackstopJS Homepage">
      <failure message="Design deviation ›› BackstopJS Homepage (document) component"/>
      <error message="Design deviation ›› BackstopJS Homepage (document) component"/>
    </testcase>
  </testsuite>
  <testsuite name="backstopJS" tests="4" failures="4" errors="4" skipped="0">
    <testcase classname="document" name=" ›› BackstopJS Homepage">
      <failure message="Design deviation ›› BackstopJS Homepage (document) component"/>
      <error message="Design deviation ›› BackstopJS Homepage (document) component"/>
    </testcase>
    <testcase classname="document" name=" ›› BackstopJS Homepage">
      <failure message="Design deviation ›› BackstopJS Homepage (document) component"/>
      <error message="Design deviation ›› BackstopJS Homepage (document) component"/>
    </testcase>
    <testcase classname="document" name=" ›› BackstopJS Homepage">
      <failure message="Design deviation ›› BackstopJS Homepage (document) component"/>
      <error message="Design deviation ›› BackstopJS Homepage (document) component"/>
    </testcase>
    <testcase classname="document" name=" ›› BackstopJS Homepage">
      <failure message="Design deviation ›› BackstopJS Homepage (document) component"/>
      <error message="Design deviation ›› BackstopJS Homepage (document) component"/>
    </testcase>
  </testsuite>
  <testsuite name="backstopJS" tests="6" failures="6" errors="6" skipped="0">
    <testcase classname="document" name=" ›› BackstopJS Homepage">
      <failure message="Design deviation ›› BackstopJS Homepage (document) component"/>
      <error message="Design deviation ›› BackstopJS Homepage (document) component"/>
    </testcase>
    <testcase classname="document" name=" ›› BackstopJS Homepage">
      <failure message="Design deviation ›› BackstopJS Homepage (document) component"/>
      <error message="Design deviation ›› BackstopJS Homepage (document) component"/>
    </testcase>
    <testcase classname="document" name=" ›› BackstopJS Homepage">
      <failure message="Design deviation ›› BackstopJS Homepage (document) component"/>
      <error message="Design deviation ›› BackstopJS Homepage (document) component"/>
    </testcase>
    <testcase classname="document" name=" ›› BackstopJS Homepage">
      <failure message="Design deviation ›› BackstopJS Homepage (document) component"/>
      <error message="Design deviation ›› BackstopJS Homepage (document) component"/>
    </testcase>
    <testcase classname="document" name=" ›› BackstopJS Homepage">
      <failure message="Design deviation ›› BackstopJS Homepage (document) component"/>
      <error message="Design deviation ›› BackstopJS Homepage (document) component"/>
    </testcase>
    <testcase classname="document" name=" ›› BackstopJS Homepage">
      <failure message="Design deviation ›› BackstopJS Homepage (document) component"/>
      <error message="Design deviation ›› BackstopJS Homepage (document) component"/>
    </testcase>
  </testsuite>
</testsuites>